This is pdfTeX, Version 3.14159265-2.6-1.40.18 (TeX Live 2017/Debian) (preloaded format=pdflatex 2018.7.15)  16 JUL 2018 00:40
entering extended mode
 restricted \write18 enabled.
 %&-line parsing enabled.
**Week_4_Report.tex
(./Week_4_Report.tex
LaTeX2e <2017-04-15>
Babel <3.18> and hyphenation patterns for 3 language(s) loaded.
(/usr/share/texlive/texmf-dist/tex/latex/base/article.cls
Document Class: article 2014/09/29 v1.4h Standard LaTeX document class
(/usr/share/texlive/texmf-dist/tex/latex/base/size12.clo
File: size12.clo 2014/09/29 v1.4h Standard LaTeX file (size option)
)
\c@part=\count79
\c@section=\count80
\c@subsection=\count81
\c@subsubsection=\count82
\c@paragraph=\count83
\c@subparagraph=\count84
\c@figure=\count85
\c@table=\count86
\abovecaptionskip=\skip41
\belowcaptionskip=\skip42
\bibindent=\dimen102
)
(/usr/share/texlive/texmf-dist/tex/latex/geometry/geometry.sty
Package: geometry 2010/09/12 v5.6 Page Geometry

(/usr/share/texlive/texmf-dist/tex/latex/graphics/keyval.sty
Package: keyval 2014/10/28 v1.15 key=value parser (DPC)
\KV@toks@=\toks14
)
(/usr/share/texlive/texmf-dist/tex/generic/oberdiek/ifpdf.sty
Package: ifpdf 2017/03/15 v3.2 Provides the ifpdf switch
)
(/usr/share/texlive/texmf-dist/tex/generic/oberdiek/ifvtex.sty
Package: ifvtex 2016/05/16 v1.6 Detect VTeX and its facilities (HO)
Package ifvtex Info: VTeX not detected.
)
(/usr/share/texlive/texmf-dist/tex/generic/ifxetex/ifxetex.sty
Package: ifxetex 2010/09/12 v0.6 Provides ifxetex conditional
)
\Gm@cnth=\count87
\Gm@cntv=\count88
\c@Gm@tempcnt=\count89
\Gm@bindingoffset=\dimen103
\Gm@wd@mp=\dimen104
\Gm@odd@mp=\dimen105
\Gm@even@mp=\dimen106
\Gm@layoutwidth=\dimen107
\Gm@layoutheight=\dimen108
\Gm@layouthoffset=\dimen109
\Gm@layoutvoffset=\dimen110
\Gm@dimlist=\toks15
)
(/usr/share/texlive/texmf-dist/tex/latex/graphics/graphicx.sty
Package: graphicx 2017/06/01 v1.1a Enhanced LaTeX Graphics (DPC,SPQR)

(/usr/share/texlive/texmf-dist/tex/latex/graphics/graphics.sty
Package: graphics 2017/06/25 v1.2c Standard LaTeX Graphics (DPC,SPQR)

(/usr/share/texlive/texmf-dist/tex/latex/graphics/trig.sty
Package: trig 2016/01/03 v1.10 sin cos tan (DPC)
)
(/usr/share/texlive/texmf-dist/tex/latex/graphics-cfg/graphics.cfg
File: graphics.cfg 2016/06/04 v1.11 sample graphics configuration
)
Package graphics Info: Driver file: pdftex.def on input line 99.

(/usr/share/texlive/texmf-dist/tex/latex/graphics-def/pdftex.def
File: pdftex.def 2018/01/08 v1.0l Graphics/color driver for pdftex
))
\Gin@req@height=\dimen111
\Gin@req@width=\dimen112
)
(./pythonhighlight.sty
Package: pythonhighlight 2011/09/19 python code highlighting; provided by Olivi
er Verdier <olivier.verdier@gmail.com>

(/usr/share/texlive/texmf-dist/tex/latex/listings/listings.sty
\lst@mode=\count90
\lst@gtempboxa=\box26
\lst@token=\toks16
\lst@length=\count91
\lst@currlwidth=\dimen113
\lst@column=\count92
\lst@pos=\count93
\lst@lostspace=\dimen114
\lst@width=\dimen115
\lst@newlines=\count94
\lst@lineno=\count95
\lst@maxwidth=\dimen116

(/usr/share/texlive/texmf-dist/tex/latex/listings/lstmisc.sty
File: lstmisc.sty 2015/06/04 1.6 (Carsten Heinz)
\c@lstnumber=\count96
\lst@skipnumbers=\count97
\lst@framebox=\box27
)
(/usr/share/texlive/texmf-dist/tex/latex/listings/listings.cfg
File: listings.cfg 2015/06/04 1.6 listings configuration
))
Package: listings 2015/06/04 1.6 (Carsten Heinz)

(/usr/share/texlive/texmf-dist/tex/latex/xcolor/xcolor.sty
Package: xcolor 2016/05/11 v2.12 LaTeX color extensions (UK)

(/usr/share/texlive/texmf-dist/tex/latex/graphics-cfg/color.cfg
File: color.cfg 2016/01/02 v1.6 sample color configuration
)
Package xcolor Info: Driver file: pdftex.def on input line 225.
Package xcolor Info: Model `cmy' substituted by `cmy0' on input line 1348.
Package xcolor Info: Model `hsb' substituted by `rgb' on input line 1352.
Package xcolor Info: Model `RGB' extended on input line 1364.
Package xcolor Info: Model `HTML' substituted by `rgb' on input line 1366.
Package xcolor Info: Model `Hsb' substituted by `hsb' on input line 1367.
Package xcolor Info: Model `tHsb' substituted by `hsb' on input line 1368.
Package xcolor Info: Model `HSB' substituted by `hsb' on input line 1369.
Package xcolor Info: Model `Gray' substituted by `gray' on input line 1370.
Package xcolor Info: Model `wave' substituted by `hsb' on input line 1371.
))
(./Week_4_Report.aux)
\openout1 = `Week_4_Report.aux'.

LaTeX Font Info:    Checking defaults for OML/cmm/m/it on input line 9.
LaTeX Font Info:    ... okay on input line 9.
LaTeX Font Info:    Checking defaults for T1/cmr/m/n on input line 9.
LaTeX Font Info:    ... okay on input line 9.
LaTeX Font Info:    Checking defaults for OT1/cmr/m/n on input line 9.
LaTeX Font Info:    ... okay on input line 9.
LaTeX Font Info:    Checking defaults for OMS/cmsy/m/n on input line 9.
LaTeX Font Info:    ... okay on input line 9.
LaTeX Font Info:    Checking defaults for OMX/cmex/m/n on input line 9.
LaTeX Font Info:    ... okay on input line 9.
LaTeX Font Info:    Checking defaults for U/cmr/m/n on input line 9.
LaTeX Font Info:    ... okay on input line 9.

*geometry* driver: auto-detecting
*geometry* detected driver: pdftex
*geometry* verbose mode - [ preamble ] result:
* driver: pdftex
* paper: a4paper
* layout: <same size as paper>
* layoutoffset:(h,v)=(0.0pt,0.0pt)
* modes: 
* h-part:(L,W,R)=(56.9055pt, 483.69687pt, 56.9055pt)
* v-part:(T,H,B)=(56.9055pt, 731.23584pt, 56.9055pt)
* \paperwidth=597.50787pt
* \paperheight=845.04684pt
* \textwidth=483.69687pt
* \textheight=731.23584pt
* \oddsidemargin=-15.36449pt
* \evensidemargin=-15.36449pt
* \topmargin=-52.36449pt
* \headheight=12.0pt
* \headsep=25.0pt
* \topskip=12.0pt
* \footskip=30.0pt
* \marginparwidth=35.0pt
* \marginparsep=10.0pt
* \columnsep=10.0pt
* \skip\footins=10.8pt plus 4.0pt minus 2.0pt
* \hoffset=0.0pt
* \voffset=0.0pt
* \mag=1000
* \@twocolumnfalse
* \@twosidefalse
* \@mparswitchfalse
* \@reversemarginfalse
* (1in=72.27pt=25.4mm, 1cm=28.453pt)

(/usr/share/texlive/texmf-dist/tex/context/base/mkii/supp-pdf.mkii
[Loading MPS to PDF converter (version 2006.09.02).]
\scratchcounter=\count98
\scratchdimen=\dimen117
\scratchbox=\box28
\nofMPsegments=\count99
\nofMParguments=\count100
\everyMPshowfont=\toks17
\MPscratchCnt=\count101
\MPscratchDim=\dimen118
\MPnumerator=\count102
\makeMPintoPDFobject=\count103
\everyMPtoPDFconversion=\toks18
) (/usr/share/texlive/texmf-dist/tex/latex/oberdiek/epstopdf-base.sty
Package: epstopdf-base 2016/05/15 v2.6 Base part for package epstopdf

(/usr/share/texlive/texmf-dist/tex/generic/oberdiek/infwarerr.sty
Package: infwarerr 2016/05/16 v1.4 Providing info/warning/error messages (HO)
)
(/usr/share/texlive/texmf-dist/tex/latex/oberdiek/grfext.sty
Package: grfext 2016/05/16 v1.2 Manage graphics extensions (HO)

(/usr/share/texlive/texmf-dist/tex/generic/oberdiek/kvdefinekeys.sty
Package: kvdefinekeys 2016/05/16 v1.4 Define keys (HO)

(/usr/share/texlive/texmf-dist/tex/generic/oberdiek/ltxcmds.sty
Package: ltxcmds 2016/05/16 v1.23 LaTeX kernel commands for general use (HO)
)))
(/usr/share/texlive/texmf-dist/tex/latex/oberdiek/kvoptions.sty
Package: kvoptions 2016/05/16 v3.12 Key value format for package options (HO)

(/usr/share/texlive/texmf-dist/tex/generic/oberdiek/kvsetkeys.sty
Package: kvsetkeys 2016/05/16 v1.17 Key value parser (HO)

(/usr/share/texlive/texmf-dist/tex/generic/oberdiek/etexcmds.sty
Package: etexcmds 2016/05/16 v1.6 Avoid name clashes with e-TeX commands (HO)

(/usr/share/texlive/texmf-dist/tex/generic/oberdiek/ifluatex.sty
Package: ifluatex 2016/05/16 v1.4 Provides the ifluatex switch (HO)
Package ifluatex Info: LuaTeX not detected.
)
Package etexcmds Info: Could not find \expanded.
(etexcmds)             That can mean that you are not using pdfTeX 1.50 or
(etexcmds)             that some package has redefined \expanded.
(etexcmds)             In the latter case, load this package earlier.
)))
(/usr/share/texlive/texmf-dist/tex/generic/oberdiek/pdftexcmds.sty
Package: pdftexcmds 2018/01/21 v0.26 Utility functions of pdfTeX for LuaTeX (HO
)
Package pdftexcmds Info: LuaTeX not detected.
Package pdftexcmds Info: \pdf@primitive is available.
Package pdftexcmds Info: \pdf@ifprimitive is available.
Package pdftexcmds Info: \pdfdraftmode found.
)
Package epstopdf-base Info: Redefining graphics rule for `.eps' on input line 4
38.
Package grfext Info: Graphics extension search list:
(grfext)             [.pdf,.png,.jpg,.mps,.jpeg,.jbig2,.jb2,.PDF,.PNG,.JPG,.JPE
G,.JBIG2,.JB2,.eps]
(grfext)             \AppendGraphicsExtensions on input line 456.

(/usr/share/texlive/texmf-dist/tex/latex/latexconfig/epstopdf-sys.cfg
File: epstopdf-sys.cfg 2010/07/13 v1.3 Configuration of (r)epstopdf for TeX Liv
e
))
\c@lstlisting=\count104
LaTeX Font Info:    External font `cmex10' loaded for size
(Font)              <14.4> on input line 10.
LaTeX Font Info:    External font `cmex10' loaded for size
(Font)              <7> on input line 10.

(./Week_4_Report.toc
LaTeX Font Info:    External font `cmex10' loaded for size
(Font)              <12> on input line 2.
LaTeX Font Info:    External font `cmex10' loaded for size
(Font)              <8> on input line 2.
LaTeX Font Info:    External font `cmex10' loaded for size
(Font)              <6> on input line 2.
)
\tf@toc=\write3
\openout3 = `Week_4_Report.toc'.

 [1

{/var/lib/texmf/fonts/map/pdftex/updmap/pdftex.map}]
(/usr/share/texlive/texmf-dist/tex/latex/listings/lstlang1.sty
File: lstlang1.sty 2015/06/04 1.6 listings language file
)
LaTeX Font Info:    Font shape `OT1/cmtt/bx/n' in size <10> not available
(Font)              Font shape `OT1/cmtt/m/n' tried instead on input line 19.
LaTeX Font Info:    Try loading font information for OMS+cmr on input line 28.

(/usr/share/texlive/texmf-dist/tex/latex/base/omscmr.fd
File: omscmr.fd 2014/09/29 v2.5h Standard LaTeX font definitions
)
LaTeX Font Info:    Font shape `OMS/cmr/m/n' in size <12> not available
(Font)              Font shape `OMS/cmsy/m/n' tried instead on input line 28.
Missing character: There is no ‚ in font cmr12!
Missing character: There is no Ä in font cmr12!
Missing character: There is no ô in font cmr12!
Missing character: There is no ‚ in font cmr12!
Missing character: There is no Ä in font cmr12!
Missing character: There is no ô in font cmr12!
<image_1.png, id=9, 650.43pt x 481.8pt>
File: image_1.png Graphic file (type png)
<use image_1.png>
Package pdftex.def Info: image_1.png  used on input line 39.
(pdftex.def)             Requested size: 455.2979pt x 337.25769pt.
 [2] [3 <./image_1.png>]
Missing character: There is no ‚ in font cmr12!
Missing character: There is no Ä in font cmr12!
Missing character: There is no ô in font cmr12!
Missing character: There is no Ë in font cmsltt10!
Missing character: There is no ø in font cmsltt10!
Missing character: There is no ô in font cmsltt10!
Missing character: There is no ‰ in font cmsltt10!
Missing character: There is no ∏ in font cmsltt10!
Missing character: There is no ™ in font cmsltt10!
Missing character: There is no Â in font cmsltt10!
Missing character: There is no á in font cmsltt10!
Missing character: There is no Ω in font cmsltt10!
Missing character: There is no Ê in font cmsltt10!
Missing character: There is no ï in font cmsltt10!
Missing character: There is no ∞ in font cmsltt10!
Missing character: There is no Á in font cmsltt10!
Missing character: There is no î in font cmsltt10!
Missing character: There is no ® in font cmsltt10!
Missing character: There is no Ê in font cmsltt10!
Missing character: There is no ù in font cmsltt10!
Missing character: There is no • in font cmsltt10!
Missing character: There is no Â in font cmsltt10!
Missing character: There is no à in font cmsltt10!
Missing character: There is no ù in font cmsltt10!
Missing character: There is no Â in font cmsltt10!
Missing character: There is no ß in font cmsltt10!
Missing character: There is no ã in font cmsltt10!
Missing character: There is no Â in font cmsltt10!
Missing character: There is no å in font cmsltt10!
Missing character: There is no ñ in font cmsltt10!
Missing character: There is no ‰ in font cmsltt10!
Missing character: There is no ∏ in font cmsltt10!
Missing character: There is no § in font cmsltt10!
Missing character: There is no Â in font cmsltt10!
Missing character: There is no ± in font cmsltt10!
Missing character: There is no Ç in font cmsltt10!
Missing character: There is no Á in font cmsltt10!
Missing character: There is no • in font cmsltt10!
Missing character: There is no û in font cmsltt10!
Missing character: There is no Á in font cmsltt10!
Missing character: There is no ª in font cmsltt10!
Missing character: There is no è in font cmsltt10!
Missing character: There is no Á in font cmsltt10!
Missing character: There is no Ω in font cmsltt10!
Missing character: There is no ë in font cmsltt10!
Missing character: There is no Á in font cmsltt10!
Missing character: There is no ª in font cmsltt10!
Missing character: There is no ú in font cmsltt10!
Missing character: There is no Á in font cmsltt10!
Missing character: There is no ö in font cmsltt10!
Missing character: There is no Ñ in font cmsltt10!
Missing character: There is no Ê in font cmsltt10!
Missing character: There is no ù in font cmsltt10!
Missing character: There is no É in font cmsltt10!
Missing character: There is no È in font cmsltt10!
Missing character: There is no á in font cmsltt10!
Missing character: There is no ç in font cmsltt10!
Missing character: There is no Â in font cmsltt10!
Missing character: There is no è in font cmsltt10!
Missing character: There is no Ç in font cmsltt10!
Missing character: There is no Ê in font cmsltt10!
Missing character: There is no ï in font cmsltt10!
Missing character: There is no ∞ in font cmsltt10!
 [4]
<image_2.png, id=29, 659.46375pt x 429.10312pt>
File: image_2.png Graphic file (type png)
<use image_2.png>
Package pdftex.def Info: image_2.png  used on input line 90.
(pdftex.def)             Requested size: 461.62148pt x 300.37013pt.
 [5 <./image_2.png>] [6]
Missing character: There is no √ in font cmr12!
Missing character: There is no ó in font cmr12!
 [7] [8]
Missing character: There is no Â in font cmsltt10!
Missing character: There is no à in font cmsltt10!
Missing character: There is no § in font cmsltt10!
Missing character: There is no Ê in font cmsltt10!
Missing character: There is no ñ in font cmsltt10!
Missing character: There is no ≠ in font cmsltt10!
Missing character: There is no Ê in font cmsltt10!
Missing character: There is no ò in font cmsltt10!
Missing character: There is no Ø in font cmsltt10!
Missing character: There is no Â in font cmsltt10!
Missing character: There is no ì in font cmsltt10!
Missing character: There is no ™ in font cmsltt10!
Missing character: There is no ‰ in font cmsltt10!
Missing character: There is no ∏ in font cmsltt10!
Missing character: There is no ™ in font cmsltt10!
Missing character: There is no Ê in font cmsltt10!
Missing character: There is no ø in font cmsltt10!
Missing character: There is no Ä in font cmsltt10!
Missing character: There is no Ê in font cmsltt10!
Missing character: There is no ¥ in font cmsltt10!
Missing character: There is no ª in font cmsltt10!
Missing character: There is no Â in font cmsltt10!
Missing character: There is no á in font cmsltt10!
Missing character: There is no Ω in font cmsltt10!
Missing character: There is no Ê in font cmsltt10!
Missing character: There is no ï in font cmsltt10!
Missing character: There is no ∞ in font cmsltt10!
Missing character: There is no Â in font cmsltt10!
Missing character: There is no Ø in font cmsltt10!
Missing character: There is no π in font cmsltt10!
Missing character: There is no Â in font cmsltt10!
Missing character: There is no ∫ in font cmsltt10!
Missing character: There is no î in font cmsltt10!
Missing character: There is no Ê in font cmsltt10!
Missing character: There is no ò in font cmsltt10!
Missing character: There is no Ø in font cmsltt10!
Missing character: There is no È in font cmsltt10!
Missing character: There is no á in font cmsltt10!
Missing character: There is no å in font cmsltt10!
Missing character: There is no Á in font cmsltt10!
Missing character: There is no ö in font cmsltt10!
Missing character: There is no Ñ in font cmsltt10!
Missing character: There is no Ô in font cmsltt10!
Missing character: There is no º in font cmsltt10!
Missing character: There is no å in font cmsltt10!
Missing character: There is no Â in font cmsltt10!
Missing character: There is no í in font cmsltt10!
Missing character: There is no å in font cmsltt10!
 [9]
<image_3.png, id=51, 740.7675pt x 371.3875pt>
File: image_3.png Graphic file (type png)
<use image_3.png>
Package pdftex.def Info: image_3.png  used on input line 197.
(pdftex.def)             Requested size: 444.46393pt x 222.83421pt.
 [10 <./image_3.png>]
Missing character: There is no Ë in font cmsltt10!
Missing character: There is no ø in font cmsltt10!
Missing character: There is no ô in font cmsltt10!
Missing character: There is no È in font cmsltt10!
Missing character: There is no á in font cmsltt10!
Missing character: There is no å in font cmsltt10!
Missing character: There is no È in font cmsltt10!
Missing character: There is no ù in font cmsltt10!
Missing character: There is no ¢ in font cmsltt10!
Missing character: There is no Â in font cmsltt10!
Missing character: There is no è in font cmsltt10!
Missing character: There is no ™ in font cmsltt10!
Missing character: There is no Ê in font cmsltt10!
Missing character: There is no ú in font cmsltt10!
Missing character: There is no â in font cmsltt10!
Missing character: There is no Â in font cmsltt10!
Missing character: There is no í in font cmsltt10!
Missing character: There is no å in font cmsltt10!
Missing character: There is no Ô in font cmsltt10!
Missing character: There is no º in font cmsltt10!
Missing character: There is no å in font cmsltt10!
Missing character: There is no Ê in font cmsltt10!
Missing character: There is no â in font cmsltt10!
Missing character: There is no Ä in font cmsltt10!
Missing character: There is no ‰ in font cmsltt10!
Missing character: There is no ª in font cmsltt10!
Missing character: There is no • in font cmsltt10!
Missing character: There is no È in font cmsltt10!
Missing character: There is no ú in font cmsltt10!
Missing character: There is no Ä in font cmsltt10!
Missing character: There is no Ë in font cmsltt10!
Missing character: There is no ¶ in font cmsltt10!
Missing character: There is no Å in font cmsltt10!
Missing character: There is no Ê in font cmsltt10!
Missing character: There is no ï in font cmsltt10!
Missing character: There is no ¥ in font cmsltt10!
Missing character: There is no È in font cmsltt10!
Missing character: There is no ô in font cmsltt10!
Missing character: There is no § in font cmsltt10!
Missing character: There is no Â in font cmsltt10!
Missing character: There is no æ in font cmsltt10!
Missing character: There is no ™ in font cmsltt10!
Missing character: There is no Á in font cmsltt10!
Missing character: There is no é in font cmsltt10!
Missing character: There is no Ø in font cmsltt10!
Missing character: There is no ‰ in font cmsltt10!
Missing character: There is no ª in font cmsltt10!
Missing character: There is no é in font cmsltt10!
Missing character: There is no Â in font cmsltt10!
Missing character: There is no à in font cmsltt10!
Missing character: There is no ∞ in font cmsltt10!
Missing character: There is no ‚ in font cmsltt10!
Missing character: There is no â in font cmsltt10!
Missing character: There is no à in font cmsltt10!
 [11]
<image_4.png, id=59, 562.1pt x 52.69687pt>
File: image_4.png Graphic file (type png)
<use image_4.png>
Package pdftex.def Info: image_4.png  used on input line 240.
(pdftex.def)             Requested size: 449.68062pt x 42.15753pt.
Missing character: There is no ‚ in font cmsltt10!
Missing character: There is no â in font cmsltt10!
Missing character: There is no à in font cmsltt10!
<image_5.png, id=60, 587.19376pt x 213.79875pt>
File: image_5.png Graphic file (type png)
<use image_5.png>
Package pdftex.def Info: image_5.png  used on input line 268.
(pdftex.def)             Requested size: 411.03282pt x 149.6581pt.
<image_6.png, id=61, 649.42625pt x 325.71687pt>
File: image_6.png Graphic file (type png)
<use image_6.png>
Package pdftex.def Info: image_6.png  used on input line 269.
(pdftex.def)             Requested size: 454.59528pt x 228.00024pt.
 [12 <./image_4.png> <./image_5.png>]
<image_7.png, id=67, 285.065pt x 315.1775pt>
File: image_7.png Graphic file (type png)
<use image_7.png>
Package pdftex.def Info: image_7.png  used on input line 275.
(pdftex.def)             Requested size: 228.0523pt x 252.14233pt.
<image_8.png, id=68, 638.385pt x 208.27812pt>
File: image_8.png Graphic file (type png)
<use image_8.png>
Package pdftex.def Info: image_8.png  used on input line 277.
(pdftex.def)             Requested size: 383.03394pt x 124.96782pt.
 [13 <./image_6.png> <./image_7.png> <./image_8.png>]
Missing character: There is no Ê in font cmsltt10!
Missing character: There is no ò in font cmsltt10!
Missing character: There is no Ø in font cmsltt10!
Missing character: There is no È in font cmsltt10!
Missing character: There is no Å in font cmsltt10!
Missing character: There is no ç in font cmsltt10!
Missing character: There is no Â in font cmsltt10!
Missing character: There is no é in font cmsltt10!
Missing character: There is no Ü in font cmsltt10!
Missing character: There is no È in font cmsltt10!
Missing character: There is no ó in font cmsltt10!
Missing character: There is no ¥ in font cmsltt10!
Missing character: There is no È in font cmsltt10!
Missing character: There is no ö in font cmsltt10!
Missing character: There is no î in font cmsltt10!
Missing character: There is no Ê in font cmsltt10!
Missing character: There is no ò in font cmsltt10!
Missing character: There is no Ø in font cmsltt10!
Missing character: There is no Ê in font cmsltt10!
Missing character: There is no å in font cmsltt10!
Missing character: There is no Å in font cmsltt10!
Missing character: There is no Á in font cmsltt10!
Missing character: There is no ª in font cmsltt10!
Missing character: There is no ≠ in font cmsltt10!
Missing character: There is no Ë in font cmsltt10!
Missing character: There is no ø in font cmsltt10!
Missing character: There is no ≠ in font cmsltt10!
Missing character: There is no ‰ in font cmsltt10!
Missing character: There is no ª in font cmsltt10!
Missing character: There is no £ in font cmsltt10!

[14] [15]
<image_9.png, id=82, 474.77374pt x 260.975pt>
File: image_9.png Graphic file (type png)
<use image_9.png>
Package pdftex.def Info: image_9.png  used on input line 351.
(pdftex.def)             Requested size: 379.8195pt x 208.78027pt.
 [16 <./image_9.png>] [17]
Missing character: There is no ‚ in font cmr12!
Missing character: There is no à in font cmr12!
Missing character: There is no í in font cmr12!
Missing character: There is no Œ in font cmr12!
Missing character: There is no ± in font cmr12!
Missing character: There is no ‚ in font cmr12!
Missing character: There is no à in font cmr12!
Missing character: There is no í in font cmr12!
Missing character: There is no Œ in font cmr12!
Missing character: There is no ± in font cmr12!
Missing character: There is no Â in font cmsltt10!
Missing character: There is no â in font cmsltt10!
Missing character: There is no ç in font cmsltt10!
Missing character: There is no Ê in font cmsltt10!
Missing character: There is no ú in font cmsltt10!
Missing character: There is no ü in font cmsltt10!
Missing character: There is no Ê in font cmsltt10!
Missing character: There is no ï in font cmsltt10!
Missing character: There is no ∞ in font cmsltt10!
Missing character: There is no Ê in font cmsltt10!
Missing character: There is no ç in font cmsltt10!
Missing character: There is no Æ in font cmsltt10!
Missing character: There is no Â in font cmsltt10!
Missing character: There is no á in font cmsltt10!
Missing character: There is no Ü in font cmsltt10!
Missing character: There is no Â in font cmsltt10!
Missing character: There is no § in font cmsltt10!
Missing character: There is no á in font cmsltt10!
Missing character: There is no Â in font cmsltt10!
Missing character: There is no Ü in font cmsltt10!
Missing character: There is no Ö in font cmsltt10!
Missing character: There is no Â in font cmsltt10!
Missing character: There is no Æ in font cmsltt10!
Missing character: There is no π in font cmsltt10!
Missing character: There is no Â in font cmsltt10!
Missing character: There is no Ü in font cmsltt10!
Missing character: There is no ≥ in font cmsltt10!
Missing character: There is no Â in font cmsltt10!
Missing character: There is no Æ in font cmsltt10!
Missing character: There is no ö in font cmsltt10!
Missing character: There is no ‰ in font cmsltt10!
Missing character: There is no ∫ in font cmsltt10!
Missing character: There is no Ü in font cmsltt10!
Missing character: There is no Ê in font cmsltt10!
Missing character: There is no ò in font cmsltt10!
Missing character: There is no Ø in font cmsltt10!
Missing character: There is no Â in font cmsltt10!
Missing character: There is no á in font cmsltt10!
Missing character: There is no † in font cmsltt10!
Missing character: There is no Â in font cmsltt10!
Missing character: There is no ± in font cmsltt10!
Missing character: There is no Ç in font cmsltt10!
Missing character: There is no Á in font cmsltt10!
Missing character: There is no Ω in font cmsltt10!
Missing character: There is no ë in font cmsltt10!
Missing character: There is no Á in font cmsltt10!
Missing character: There is no ª in font cmsltt10!
Missing character: There is no ú in font cmsltt10!
Missing character: There is no È in font cmsltt10!
Missing character: There is no ö in font cmsltt10!
Missing character: There is no ê in font cmsltt10!
Missing character: There is no Ë in font cmsltt10!
Missing character: There is no ó in font cmsltt10!
Missing character: There is no è in font cmsltt10!
Missing character: There is no Â in font cmsltt10!
Missing character: There is no ± in font cmsltt10!
Missing character: There is no Ç in font cmsltt10!
Missing character: There is no Ê in font cmsltt10!
Missing character: There is no ú in font cmsltt10!
Missing character: There is no â in font cmsltt10!
Missing character: There is no ‰ in font cmsltt10!
Missing character: There is no ∏ in font cmsltt10!
Missing character: There is no ™ in font cmsltt10!
Missing character: There is no Â in font cmsltt10!
Missing character: There is no ç in font cmsltt10!
Missing character: There is no ï in font cmsltt10!
Missing character: There is no Â in font cmsltt10!
Missing character: There is no Ö in font cmsltt10!
Missing character: There is no É in font cmsltt10!
Missing character: There is no Ë in font cmsltt10!
Missing character: There is no æ in font cmsltt10!
Missing character: There is no ì in font cmsltt10!
Missing character: There is no Â in font cmsltt10!
Missing character: There is no á in font cmsltt10!
Missing character: There is no ∫ in font cmsltt10!
Missing character: There is no Ê in font cmsltt10!
Missing character: There is no ú in font cmsltt10!
Missing character: There is no â in font cmsltt10!
Missing character: There is no ‰ in font cmsltt10!
Missing character: There is no ∏ in font cmsltt10!
Missing character: There is no Ä in font cmsltt10!
Missing character: There is no ‰ in font cmsltt10!
Missing character: There is no ∏ in font cmsltt10!
Missing character: There is no ™ in font cmsltt10!
Missing character: There is no Â in font cmsltt10!
Missing character: There is no ± in font cmsltt10!
Missing character: There is no Ç in font cmsltt10!
Missing character: There is no Á in font cmsltt10!
Missing character: There is no • in font cmsltt10!
Missing character: There is no û in font cmsltt10!
Missing character: There is no Á in font cmsltt10!
Missing character: There is no ª in font cmsltt10!
Missing character: There is no è in font cmsltt10!
Missing character: There is no Á in font cmsltt10!
Missing character: There is no Ω in font cmsltt10!
Missing character: There is no ë in font cmsltt10!
Missing character: There is no Á in font cmsltt10!
Missing character: There is no ª in font cmsltt10!
Missing character: There is no ú in font cmsltt10!
 [18]
Missing character: There is no Â in font cmsltt10!
Missing character: There is no à in font cmsltt10!
Missing character: There is no ù in font cmsltt10!
Missing character: There is no Â in font cmsltt10!
Missing character: There is no ß in font cmsltt10!
Missing character: There is no ã in font cmsltt10!
Missing character: There is no Â in font cmsltt10!
Missing character: There is no å in font cmsltt10!
Missing character: There is no ñ in font cmsltt10!
Missing character: There is no Â in font cmsltt10!
Missing character: There is no è in font cmsltt10!
Missing character: There is no Ç in font cmsltt10!
Missing character: There is no Ê in font cmsltt10!
Missing character: There is no ï in font cmsltt10!
Missing character: There is no ∞ in font cmsltt10!
Missing character: There is no ‚ in font cmsltt10!
Missing character: There is no â in font cmsltt10!
Missing character: There is no à in font cmsltt10!
Missing character: There is no Â in font cmsltt10!
Missing character: There is no â in font cmsltt10!
Missing character: There is no ç in font cmsltt10!
Missing character: There is no Â in font cmsltt10!
Missing character: There is no ê in font cmsltt10!
Missing character: There is no ë in font cmsltt10!
Missing character: There is no ‰ in font cmsltt10!
Missing character: There is no º in font cmsltt10!
Missing character: There is no † in font cmsltt10!
Missing character: There is no Ê in font cmsltt10!
Missing character: There is no í in font cmsltt10!
Missing character: There is no ≠ in font cmsltt10!
Missing character: There is no ‚ in font cmsltt10!
Missing character: There is no â in font cmsltt10!
Missing character: There is no à in font cmsltt10!
Missing character: There is no Ë in font cmsltt10!
Missing character: There is no Æ in font cmsltt10!
Missing character: There is no ° in font cmsltt10!
Missing character: There is no Á in font cmsltt10!
Missing character: There is no Æ in font cmsltt10!
Missing character: There is no ó in font cmsltt10!
Missing character: There is no Ê in font cmsltt10!
Missing character: There is no à in font cmsltt10!
Missing character: There is no ê in font cmsltt10!
Missing character: There is no Ê in font cmsltt10!
Missing character: There is no ú in font cmsltt10!
Missing character: There is no ¨ in font cmsltt10!
Missing character: There is no Â in font cmsltt10!
Missing character: There is no á in font cmsltt10!
Missing character: There is no Ω in font cmsltt10!
Missing character: There is no Ê in font cmsltt10!
Missing character: There is no ï in font cmsltt10!
Missing character: There is no ∞ in font cmsltt10!
Missing character: There is no ‚ in font cmsltt10!
Missing character: There is no â in font cmsltt10!
Missing character: There is no à in font cmsltt10!
 [19]
Missing character: There is no Â in font cmsltt10!
Missing character: There is no à in font cmsltt10!
Missing character: There is no ù in font cmsltt10!
Missing character: There is no Â in font cmsltt10!
Missing character: There is no ß in font cmsltt10!
Missing character: There is no ã in font cmsltt10!
Missing character: There is no Â in font cmsltt10!
Missing character: There is no å in font cmsltt10!
Missing character: There is no ñ in font cmsltt10!
Missing character: There is no Â in font cmsltt10!
Missing character: There is no è in font cmsltt10!
Missing character: There is no ç in font cmsltt10!
Missing character: There is no Â in font cmsltt10!
Missing character: There is no ê in font cmsltt10!
Missing character: There is no ë in font cmsltt10!
Missing character: There is no ‰ in font cmsltt10!
Missing character: There is no º in font cmsltt10!
Missing character: There is no † in font cmsltt10!
Missing character: There is no Ê in font cmsltt10!
Missing character: There is no í in font cmsltt10!
Missing character: There is no ≠ in font cmsltt10!
Missing character: There is no Â in font cmsltt10!
Missing character: There is no è in font cmsltt10!
Missing character: There is no ç in font cmsltt10!
Missing character: There is no Â in font cmsltt10!
Missing character: There is no ê in font cmsltt10!
Missing character: There is no ë in font cmsltt10!
Missing character: There is no ‰ in font cmsltt10!
Missing character: There is no º in font cmsltt10!
Missing character: There is no † in font cmsltt10!
Missing character: There is no Ê in font cmsltt10!
Missing character: There is no í in font cmsltt10!
Missing character: There is no ≠ in font cmsltt10!
Missing character: There is no ‚ in font cmsltt10!
Missing character: There is no â in font cmsltt10!
Missing character: There is no à in font cmsltt10!
Missing character: There is no Ë in font cmsltt10!
Missing character: There is no Æ in font cmsltt10!
Missing character: There is no æ in font cmsltt10!
Missing character: There is no Á in font cmsltt10!
Missing character: There is no Ω in font cmsltt10!
Missing character: There is no Æ in font cmsltt10!
Missing character: There is no Ê in font cmsltt10!
Missing character: There is no ¢ in font cmsltt10!
Missing character: There is no Ø in font cmsltt10!
Missing character: There is no Â in font cmsltt10!
Missing character: There is no ∫ in font cmsltt10!
Missing character: There is no ¶ in font cmsltt10!
Missing character: There is no Ê in font cmsltt10!
Missing character: There is no õ in font cmsltt10!
Missing character: There is no ¥ in font cmsltt10!
Missing character: There is no Ê in font cmsltt10!
Missing character: There is no ñ in font cmsltt10!
Missing character: There is no ∞ in font cmsltt10!
Missing character: There is no Â in font cmsltt10!
Missing character: There is no è in font cmsltt10!
Missing character: There is no Ç in font cmsltt10!
Missing character: There is no Ê in font cmsltt10!
Missing character: There is no ï in font cmsltt10!
Missing character: There is no ∞ in font cmsltt10!
Missing character: There is no Ê in font cmsltt10!
Missing character: There is no õ in font cmsltt10!
Missing character: There is no ø in font cmsltt10!
Missing character: There is no Ê in font cmsltt10!
Missing character: There is no ç in font cmsltt10!
Missing character: There is no ¢ in font cmsltt10!
Missing character: There is no Ê in font cmsltt10!
Missing character: There is no õ in font cmsltt10!
Missing character: There is no ¥ in font cmsltt10!
Missing character: There is no Ê in font cmsltt10!
Missing character: There is no ñ in font cmsltt10!
Missing character: There is no ∞ in font cmsltt10!
Missing character: There is no Ê in font cmsltt10!
Missing character: There is no Ø in font cmsltt10!
Missing character: There is no è in font cmsltt10!
Missing character: There is no ‰ in font cmsltt10!
Missing character: There is no ∏ in font cmsltt10!
Missing character: There is no Ä in font cmsltt10!
Missing character: There is no Á in font cmsltt10!
Missing character: There is no ô in font cmsltt10!
Missing character: There is no æ in font cmsltt10!
Missing character: There is no Ê in font cmsltt10!
Missing character: There is no ¨ in font cmsltt10!
Missing character: There is no ° in font cmsltt10!
Missing character: There is no Â in font cmsltt10!
Missing character: There is no ≠ in font cmsltt10!
Missing character: There is no ¶ in font cmsltt10!
Missing character: There is no ‰ in font cmsltt10!
Missing character: There is no π in font cmsltt10!
Missing character: There is no † in font cmsltt10!
Missing character: There is no Ê in font cmsltt10!
Missing character: There is no ü in font cmsltt10!
Missing character: There is no • in font cmsltt10!
Missing character: There is no Á in font cmsltt10!
Missing character: There is no ú in font cmsltt10!
Missing character: There is no ã in font cmsltt10!
Missing character: There is no Ê in font cmsltt10!
Missing character: There is no à in font cmsltt10!
Missing character: There is no ê in font cmsltt10!
Missing character: There is no Ê in font cmsltt10!
Missing character: There is no ú in font cmsltt10!
Missing character: There is no ¨ in font cmsltt10!
Missing character: There is no Ê in font cmsltt10!
Missing character: There is no ç in font cmsltt10!
Missing character: There is no ü in font cmsltt10!
Missing character: There is no Â in font cmsltt10!
Missing character: There is no § in font cmsltt10!
Missing character: There is no ± in font cmsltt10!
 [20]
Missing character: There is no Ë in font cmsltt10!
Missing character: There is no ø in font cmsltt10!
Missing character: There is no ê in font cmsltt10!
Missing character: There is no Ë in font cmsltt10!
Missing character: There is no ° in font cmsltt10!
Missing character: There is no å in font cmsltt10!
Missing character: There is no Ê in font cmsltt10!
Missing character: There is no ® in font cmsltt10!
Missing character: There is no ° in font cmsltt10!
Missing character: There is no Â in font cmsltt10!
Missing character: There is no û in font cmsltt10!
Missing character: There is no ã in font cmsltt10!
<Figure_1.png, id=100, 462.528pt x 346.896pt>
File: Figure_1.png Graphic file (type png)
<use Figure_1.png>
Package pdftex.def Info: Figure_1.png  used on input line 598.
(pdftex.def)             Requested size: 370.02289pt x 277.51717pt.
 [21 <./Figure_1.png>]
[22]
Missing character: There is no ‚ in font cmsltt10!
Missing character: There is no â in font cmsltt10!
Missing character: There is no à in font cmsltt10!
Missing character: There is no ‚ in font cmsltt10!
Missing character: There is no â in font cmsltt10!
Missing character: There is no à in font cmsltt10!
Missing character: There is no ‚ in font cmsltt10!
Missing character: There is no â in font cmsltt10!
Missing character: There is no à in font cmsltt10!
Missing character: There is no ‚ in font cmsltt10!
Missing character: There is no â in font cmsltt10!
Missing character: There is no à in font cmsltt10!
<Figure2_1.png, id=108, 462.528pt x 346.896pt>
File: Figure2_1.png Graphic file (type png)
<use Figure2_1.png>
Package pdftex.def Info: Figure2_1.png  used on input line 706.
(pdftex.def)             Requested size: 462.52686pt x 346.89514pt.
 [23] [24 <./Figure2_1.png>] (./Week_4_Report.aux) ) 
Here is how much of TeX's memory you used:
 4442 strings out of 494923
 61094 string characters out of 6180742
 439469 words of memory out of 5000000
 7711 multiletter control sequences out of 15000+600000
 9922 words of font info for 36 fonts, out of 8000000 for 9000
 14 hyphenation exceptions out of 8191
 41i,6n,48p,498b,1670s stack positions out of 5000i,500n,10000p,200000b,80000s
</usr/share/texlive/texmf-d
ist/fonts/type1/public/amsfonts/cm/cmbx10.pfb></usr/share/texlive/texmf-dist/fo
nts/type1/public/amsfonts/cm/cmbx12.pfb></usr/share/texlive/texmf-dist/fonts/ty
pe1/public/amsfonts/cm/cmmi12.pfb></usr/share/texlive/texmf-dist/fonts/type1/pu
blic/amsfonts/cm/cmmi6.pfb></usr/share/texlive/texmf-dist/fonts/type1/public/am
sfonts/cm/cmmi8.pfb></usr/share/texlive/texmf-dist/fonts/type1/public/amsfonts/
cm/cmr10.pfb></usr/share/texlive/texmf-dist/fonts/type1/public/amsfonts/cm/cmr1
2.pfb></usr/share/texlive/texmf-dist/fonts/type1/public/amsfonts/cm/cmr17.pfb><
/usr/share/texlive/texmf-dist/fonts/type1/public/amsfonts/cm/cmr6.pfb></usr/sha
re/texlive/texmf-dist/fonts/type1/public/amsfonts/cm/cmr8.pfb></usr/share/texli
ve/texmf-dist/fonts/type1/public/amsfonts/cm/cmsltt10.pfb></usr/share/texlive/t
exmf-dist/fonts/type1/public/amsfonts/cm/cmsy10.pfb></usr/share/texlive/texmf-d
ist/fonts/type1/public/amsfonts/cm/cmsy6.pfb></usr/share/texlive/texmf-dist/fon
ts/type1/public/amsfonts/cm/cmsy8.pfb></usr/share/texlive/texmf-dist/fonts/type
1/public/amsfonts/cm/cmtt10.pfb>
Output written on Week_4_Report.pdf (24 pages, 1069730 bytes).
PDF statistics:
 164 PDF objects out of 1000 (max. 8388607)
 100 compressed objects within 1 object stream
 0 named destinations out of 1000 (max. 500000)
 56 words of extra memory for PDF output out of 10000 (max. 10000000)

